----------------------------------------------------------------
Mon Feb 15 12:56:06 IST 2021:
Booting Derby version The Apache Software Foundation - Apache Derby - 10.12.1.1 - (1704137): instance a816c00e-0177-a495-08d2-0000094af338 
on database directory memory:C:\Users\vcp1cob\eclipse-workspace\CrudAngularApp\testdb with class loader sun.misc.Launcher$AppClassLoader@55f96302 
Loaded from file:/C:/Users/vcp1cob/.m2/repository/org/apache/derby/derby/10.12.1.1/derby-10.12.1.1.jar
java.vendor=Oracle Corporation
java.runtime.version=1.8.0_271-b09
user.dir=C:\Users\vcp1cob\eclipse-workspace\CrudAngularApp
os.name=Windows 10
os.arch=amd64
os.version=10.0
derby.system.home=null
Database Class Loader started - derby.database.classpath=''
----------------------------------------------------------------
Mon Feb 15 12:56:11 IST 2021:
Booting Derby version The Apache Software Foundation - Apache Derby - 10.12.1.1 - (1704137): instance 6dd780d4-0177-a495-08d2-0000094af338 
on database directory C:\Users\vcp1cob\eclipse-workspace\CrudAngularApp\FoundryReportsDB with class loader sun.misc.Launcher$AppClassLoader@55f96302 
Loaded from file:/C:/Users/vcp1cob/.m2/repository/org/apache/derby/derby/10.12.1.1/derby-10.12.1.1.jar
java.vendor=Oracle Corporation
java.runtime.version=1.8.0_271-b09
user.dir=C:\Users\vcp1cob\eclipse-workspace\CrudAngularApp
os.name=Windows 10
os.arch=amd64
os.version=10.0
derby.system.home=null
Database Class Loader started - derby.database.classpath=''
